C51 COMPILER V9.01   CALENDARFUNCTION                                                      12/31/2020 14:15:16 PAGE 1   


C51 COMPILER V9.01, COMPILATION OF MODULE CALENDARFUNCTION
OBJECT MODULE PLACED IN CalendarFunction.OBJ
COMPILER INVOKED BY: D:\program File\keil\C51\BIN\C51.EXE CalendarFunction.c BROWSE DEBUG OBJECTEXTEND

line level    source

   1          char* trans2LunarCalendar()
   2          {
   3   1      
   4   1              return "85-85-85"  ;
   5   1      }


MODULE INFORMATION:   STATIC OVERLAYABLE
   CODE SIZE        =      7    ----
   CONSTANT SIZE    =      9    ----
   XDATA SIZE       =   ----    ----
   PDATA SIZE       =   ----    ----
   DATA SIZE        =   ----    ----
   IDATA SIZE       =   ----    ----
   BIT SIZE         =   ----    ----
END OF MODULE INFORMATION.


C51 COMPILATION COMPLETE.  0 WARNING(S),  0 ERROR(S)
