C51 COMPILER V9.01   LCD1602                                                               01/04/2021 02:27:36 PAGE 1   


C51 COMPILER V9.01, COMPILATION OF MODULE LCD1602
OBJECT MODULE PLACED IN LCD1602.OBJ
COMPILER INVOKED BY: D:\program File\keil\C51\BIN\C51.EXE LCD1602.c BROWSE DEBUG OBJECTEXTEND

line level    source

   1          /**********************************************************/
   2          /*******************************************************************
   3          *                                                                  *
   4          * 文件： LCD1602.c                                                     *
   5          *                                                                  *
   6          * 作者： gguoqing, cxl Hunau                                                 *
   7          * 网站： www.willar.com(伟纳电子)                                  *
   8          * 邮箱： gguoqing@willar.com                                       *
   9          *                                                                  *
  10          *【版权】Copyright(C)伟纳电子 www.willar.com  All Rights Reserved  *
  11          *【声明】此程序仅用于学习与参考，引用请注明版权和作者信息！        *
  12          *                                                                  *
  13          ********************************************************************/
  14          #include <reg52.h>
  15          #include <intrins.h>
  16          #include <LCD1602.h>
  17          #define delayNOP(); {_nop_();_nop_();_nop_();_nop_();};
  18          #define OUT P2
  19          sbit LCD_RS = P1^6;             
  20          sbit LCD_RW = P1^5;
  21          sbit LCD_EN = P1^4;
  22          /**********************************************************
  23          延时子程序
  24          **********************************************************/
  25          void delayms(uint ms) 
  26          {
  27   1        uchar k;
  28   1        while(ms--)
  29   1        {
  30   2          for(k = 0; k < 110; k++);
  31   2        }
  32   1      }
  33          /**********************************************************
  34            检查LCD忙状态               
  35            lcd_busy为1时,忙，等待。
  36            lcd-busy为0时,闲，可写指令与数据。      
  37                                                                  
  38          **********************************************************/ 
  39          bit lcd_busy()
  40          {                          
  41   1         bit result;
  42   1         LCD_RS = 0;
  43   1         LCD_RW = 1;
  44   1         LCD_EN = 1;
  45   1         delayNOP();
  46   1         result = (bit)(OUT&0x80);
  47   1         LCD_EN = 0;
  48   1         return(result); 
  49   1      }
  50          /**********************************************************
  51            写指令数据到LCD                                                
  52            RS=L，RW=L，E=高脉冲，D0-D7=指令码。                             
  53                                                                          
  54          **********************************************************/
  55          void lcd_wcmd(uchar cmd)
C51 COMPILER V9.01   LCD1602                                                               01/04/2021 02:27:36 PAGE 2   

  56          {                          
  57   1         while(lcd_busy());
  58   1         LCD_RS = 0;
  59   1         LCD_RW = 0;
  60   1         LCD_EN = 0;
  61   1         _nop_();
  62   1         _nop_(); 
  63   1         OUT = cmd;
  64   1         delayNOP();
  65   1         LCD_EN = 1;
  66   1         delayNOP();
  67   1         LCD_EN = 0;  
  68   1      }
  69          /**********************************************************
  70            写显示数据到LCD                                                
  71            RS=H，RW=L，E=高脉冲，D0-D7=数据。                            
  72                                                                          
  73          **********************************************************/
  74          void lcd_wdat(uchar dat)
  75          {                          
  76   1         while(lcd_busy());
  77   1         LCD_RS = 1;
  78   1         LCD_RW = 0;
  79   1         LCD_EN = 0;
  80   1         OUT = dat;
  81   1         delayNOP();
  82   1         LCD_EN = 1;
  83   1         delayNOP();
  84   1         LCD_EN = 0; 
  85   1      }
  86          /**********************************************************
  87            LCD初始化设定                                                
  88                                                                           
  89          **********************************************************/
  90          void lcd_init()
  91          { 
  92   1         delayms(15);                   
  93   1         lcd_wcmd(0x38);      //16*2显示，5*7点阵，8位数据
  94   1         delayms(5);
  95   1         lcd_wcmd(0x38);         
  96   1         delayms(5);
  97   1         lcd_wcmd(0x38);         
  98   1         delayms(5);
  99   1         lcd_wcmd(0x0c);      //显示开，关光标
 100   1         delayms(5);
 101   1         lcd_wcmd(0x06);      //移动光标, 与教材有差异，教材上为05，此处原为06
 102   1         delayms(5);
 103   1         lcd_wcmd(0x01);      //清除LCD的显示内容
 104   1         delayms(5);
 105   1      }
 106          /**********************************************************
 107            设定显示位置                                                 
 108                                                                         
 109          ***********************************************************/
 110          void lcd_pos(uchar pos)
 111          {                          
 112   1         lcd_wcmd(pos | 0x80);  //数据指针=80+地址变量
 113   1      }
 114          /*********************************************************/
 115          /**********************************************************
 116          输出显示字符串，且指针增1
 117          **********************************************************/
C51 COMPILER V9.01   LCD1602                                                               01/04/2021 02:27:36 PAGE 3   

 118          void lcd_disString(uchar ad, uchar *s, uint ifDelay)
 119          {
 120   1              lcd_wcmd(ad);
 121   1              while (*s > 0)
 122   1              {
 123   2                      lcd_wdat(*s++);
 124   2                      if (ifDelay) delayms(100);
 125   2              }
 126   1      }
 127          /**********************************************************/


MODULE INFORMATION:   STATIC OVERLAYABLE
   CODE SIZE        =    221    ----
   CONSTANT SIZE    =   ----    ----
   XDATA SIZE       =   ----    ----
   PDATA SIZE       =   ----    ----
   DATA SIZE        =   ----       6
   IDATA SIZE       =   ----    ----
   BIT SIZE         =   ----       1
END OF MODULE INFORMATION.


C51 COMPILATION COMPLETE.  0 WARNING(S),  0 ERROR(S)
